<?xml version="1.0" encoding="UTF-8"?>
<testsuite name="com.kenzie.appserver.controller.RecipeControllerTest" tests="1" skipped="0" failures="0" errors="0" timestamp="2023-04-10T18:35:55" hostname="MacBook-Pro.attlocal.net" time="54.19">
  <properties/>
  <testcase name="updateRecipe()" classname="com.kenzie.appserver.controller.RecipeControllerTest" time="54.19"/>
  <system-out><![CDATA[2023-04-10 13:35:27  INFO  AbstractContextLoader - Could not detect default resource locations for test class [com.kenzie.appserver.controller.RecipeControllerTest]: no resource found for suffixes {-context.xml, Context.groovy}.
2023-04-10 13:35:27  INFO  AnnotationConfigContextLoaderUtils - Could not detect default configuration classes for test class [com.kenzie.appserver.controller.RecipeControllerTest]: RecipeControllerTest does not declare any static, non-private, non-final, nested classes annotated with @Configuration.
2023-04-10 13:35:27  INFO  SpringBootTestContextBootstrapper - Found @SpringBootConfiguration com.kenzie.appserver.Application for test class com.kenzie.appserver.controller.RecipeControllerTest
2023-04-10 13:35:28  INFO  SpringBootTestContextBootstrapper - Loaded default TestExecutionListener class names from location [META-INF/spring.factories]: [org.springframework.boot.test.autoconfigure.restdocs.RestDocsTestExecutionListener, org.springframework.boot.test.autoconfigure.web.client.MockRestServiceServerResetTestExecutionListener, org.springframework.boot.test.autoconfigure.web.servlet.MockMvcPrintOnlyOnFailureTestExecutionListener, org.springframework.boot.test.autoconfigure.web.servlet.WebDriverTestExecutionListener, org.springframework.boot.test.autoconfigure.webservices.client.MockWebServiceServerTestExecutionListener, org.springframework.boot.test.mock.mockito.MockitoTestExecutionListener, org.springframework.boot.test.mock.mockito.ResetMocksTestExecutionListener, org.springframework.test.context.web.ServletTestExecutionListener, org.springframework.test.context.support.DirtiesContextBeforeModesTestExecutionListener, org.springframework.test.context.event.ApplicationEventsTestExecutionListener, org.springframework.test.context.support.DependencyInjectionTestExecutionListener, org.springframework.test.context.support.DirtiesContextTestExecutionListener, org.springframework.test.context.transaction.TransactionalTestExecutionListener, org.springframework.test.context.jdbc.SqlScriptsTestExecutionListener, org.springframework.test.context.event.EventPublishingTestExecutionListener]
2023-04-10 13:35:28  INFO  SpringBootTestContextBootstrapper - Using TestExecutionListeners: [org.springframework.test.context.web.ServletTestExecutionListener@5e71e76b, org.springframework.test.context.support.DirtiesContextBeforeModesTestExecutionListener@2d641e41, org.springframework.test.context.event.ApplicationEventsTestExecutionListener@201f8e60, org.springframework.boot.test.mock.mockito.MockitoTestExecutionListener@72d7a0f6, org.springframework.boot.test.autoconfigure.SpringBootDependencyInjectionTestExecutionListener@23cc5b78, org.springframework.test.context.support.DirtiesContextTestExecutionListener@2ed7df56, org.springframework.test.context.transaction.TransactionalTestExecutionListener@72e72862, org.springframework.test.context.jdbc.SqlScriptsTestExecutionListener@3df8f6d8, org.springframework.test.context.event.EventPublishingTestExecutionListener@7cae7d84, org.springframework.boot.test.autoconfigure.restdocs.RestDocsTestExecutionListener@6c933028, org.springframework.boot.test.autoconfigure.web.client.MockRestServiceServerResetTestExecutionListener@27fca1e0, org.springframework.boot.test.autoconfigure.web.servlet.MockMvcPrintOnlyOnFailureTestExecutionListener@5d48cdf1, org.springframework.boot.test.autoconfigure.web.servlet.WebDriverTestExecutionListener@5205d981, org.springframework.boot.test.autoconfigure.webservices.client.MockWebServiceServerTestExecutionListener@27e2b199, org.springframework.boot.test.mock.mockito.ResetMocksTestExecutionListener@6553f724]

  .   ____          _            __ _ _
 /\\ / ___'_ __ _ _(_)_ __  __ _ \ \ \ \
( ( )\___ | '_ | '_| | '_ \/ _` | \ \ \ \
 \\/  ___)| |_)| | | | | || (_| |  ) ) ) )
  '  |____| .__|_| |_|_| |_\__, | / / / /
 =========|_|==============|___/=/_/_/_/
 :: Spring Boot ::                (v2.6.3)

2023-04-10 13:35:29  INFO  Version - HV000001: Hibernate Validator 6.0.9.Final
2023-04-10 13:35:29  INFO  DockerClientProviderStrategy - Loaded org.testcontainers.dockerclient.UnixSocketClientProviderStrategy from ~/.testcontainers.properties, will try it first
2023-04-10 13:35:30  INFO  DockerClientProviderStrategy - Found Docker environment with local Unix socket (unix:///var/run/docker.sock)
2023-04-10 13:35:30  INFO  DockerClientFactory - Docker host IP address is localhost
2023-04-10 13:35:30  INFO  DockerClientFactory - Connected to docker: 
  Server Version: 20.10.21
  API Version: 1.41
  Operating System: Docker Desktop
  Total Memory: 3933 MB
2023-04-10 13:35:30  INFO  ImageNameSubstitutor - Image name substitution will be performed by: DefaultImageNameSubstitutor (composite of 'ConfigurationFileImageNameSubstitutor' and 'PrefixingImageNameSubstitutor')
2023-04-10 13:35:31  INFO  RegistryAuthLocator - Credential helper/store (docker-credential-desktop) does not have credentials for index.docker.io
2023-04-10 13:35:33  INFO  DockerClientFactory - Ryuk started - will monitor and terminate Testcontainers containers on JVM exit
2023-04-10 13:35:33  INFO  DockerClientFactory - Checking the system...
2023-04-10 13:35:33  INFO  DockerClientFactory - ✔︎ Docker server version should be at least 1.6.0
2023-04-10 13:35:33  INFO  DockerClientFactory - ✔︎ Docker environment should have more than 2GB free disk space
2023-04-10 13:35:33  INFO  ]]>&#x1f433;<![CDATA[ [amazon/dynamodb-local:latest] - Creating container for image: amazon/dynamodb-local:latest
2023-04-10 13:35:33  INFO  ]]>&#x1f433;<![CDATA[ [amazon/dynamodb-local:latest] - Container amazon/dynamodb-local:latest is starting: 85f658c01e3e0945a7a269e85c38c6ba11b5bf12ba8864397f0d901f23ea2d2c
2023-04-10 13:35:34  INFO  ]]>&#x1f433;<![CDATA[ [amazon/dynamodb-local:latest] - Container amazon/dynamodb-local:latest started in PT1.112831S
2023-04-10 13:35:34  INFO  RecipeControllerTest - Starting RecipeControllerTest using Java 16.0.2 on MacBook-Pro.attlocal.net with PID 35556 (started by Nathan in /Users/Nathan/Kenzie/ata-capstone-project-NathanHodo/IntegrationTests)
2023-04-10 13:35:34  INFO  RecipeControllerTest - The following profiles are active: test
2023-04-10 13:35:36  INFO  RepositoryConfigurationDelegate - Bootstrapping Spring Data DynamoDB repositories in DEFAULT mode.
2023-04-10 13:35:37  INFO  RepositoryConfigurationDelegate - Finished Spring Data repository scanning in 92 ms. Found 1 DynamoDB repository interfaces.
2023-04-10 13:35:45  INFO  PostProcessorRegistrationDelegate$BeanPostProcessorChecker - Bean '(inner bean)#6e4a7c39' of type [com.amazonaws.auth.EC2ContainerCredentialsProviderWrapper] is not eligible for getting processed by all BeanPostProcessors (for example: not eligible for auto-proxying)
2023-04-10 13:35:45  INFO  PostProcessorRegistrationDelegate$BeanPostProcessorChecker - Bean '(inner bean)#23b4282c' of type [com.amazonaws.auth.profile.ProfileCredentialsProvider] is not eligible for getting processed by all BeanPostProcessors (for example: not eligible for auto-proxying)
2023-04-10 13:35:45  INFO  PostProcessorRegistrationDelegate$BeanPostProcessorChecker - Bean 'credentialsProvider' of type [org.springframework.cloud.aws.core.credentials.CredentialsProviderFactoryBean] is not eligible for getting processed by all BeanPostProcessors (for example: not eligible for auto-proxying)
2023-04-10 13:35:45  INFO  PostProcessorRegistrationDelegate$BeanPostProcessorChecker - Bean 'credentialsProvider' of type [com.amazonaws.auth.AWSCredentialsProviderChain] is not eligible for getting processed by all BeanPostProcessors (for example: not eligible for auto-proxying)
2023-04-10 13:35:45  INFO  PostProcessorRegistrationDelegate$BeanPostProcessorChecker - Bean 'dynamoDbConfig' of type [com.kenzie.appserver.config.DynamoDbConfig$$EnhancerBySpringCGLIB$$69fee455] is not eligible for getting processed by all BeanPostProcessors (for example: not eligible for auto-proxying)
2023-04-10 13:35:46  INFO  PostProcessorRegistrationDelegate$BeanPostProcessorChecker - Bean 'amazonDynamoDB' of type [com.amazonaws.services.dynamodbv2.AmazonDynamoDBClient] is not eligible for getting processed by all BeanPostProcessors (for example: not eligible for auto-proxying)
2023-04-10 13:35:46  INFO  PostProcessorRegistrationDelegate$BeanPostProcessorChecker - Bean 'dynamoDB-DynamoDBMapperConfig' of type [com.amazonaws.services.dynamodbv2.datamodeling.DynamoDBMapperConfig] is not eligible for getting processed by all BeanPostProcessors (for example: not eligible for auto-proxying)
2023-04-10 13:35:47  INFO  TomcatWebServer - Tomcat initialized with port(s): 0 (http)
2023-04-10 13:35:48  INFO  ServletWebServerApplicationContext - Root WebApplicationContext: initialization completed in 13138 ms
2023-04-10 13:35:48  INFO  PushMeterRegistry - publishing metrics for CloudWatchMeterRegistry every 1m
2023-04-10 13:35:49  INFO  DynamoDBRepositoryFactory - Spring Data DynamoDB Version: 5.2.1 (2.2)
2023-04-10 13:35:49  INFO  DynamoDBRepositoryFactory - Spring Data Version:          2.6.2
2023-04-10 13:35:49  INFO  DynamoDBRepositoryFactory - AWS SDK Version:              1.12.237
2023-04-10 13:35:49  INFO  DynamoDBRepositoryFactory - Java Version:                 16.0.2 - Java HotSpot(TM) 64-Bit Server VM 16.0.2+7-67
2023-04-10 13:35:49  INFO  DynamoDBRepositoryFactory - Platform Details:             Mac OS X 11.3
2023-04-10 13:35:49  WARN  DynamoDBRepositoryFactory - This Spring Data DynamoDB implementation might not be compatible with the available Spring Data classes on the classpath!
NoDefClassFoundExceptions or similar might occur!
2023-04-10 13:35:51  INFO  WelcomePageHandlerMapping - Adding welcome page: class path resource [static/index.html]
2023-04-10 13:35:54  INFO  TestDispatcherServlet - Initializing Servlet ''
2023-04-10 13:35:54  INFO  EndpointLinksResolver - Exposing 2 endpoint(s) beneath base path '/actuator'
2023-04-10 13:35:54  INFO  TestDispatcherServlet - Completed initialization in 54 ms
2023-04-10 13:35:55  INFO  TomcatWebServer - Tomcat started on port(s): 49345 (http) with context path ''
2023-04-10 13:35:55  INFO  Entity2DynamoDBTableSynchronizer - Checking repository classes with DynamoDB tables Recipes for ContextRefreshedEvent
2023-04-10 13:35:55  INFO  RecipeControllerTest - Started RecipeControllerTest in 27.191 seconds (JVM running for 31.719)
]]></system-out>
  <system-err><![CDATA[Apr 10, 2023 1:35:47 PM org.apache.coyote.AbstractProtocol init
INFO: Initializing ProtocolHandler ["http-nio-auto-1"]
Apr 10, 2023 1:35:47 PM org.apache.catalina.core.StandardService startInternal
INFO: Starting service [Tomcat]
Apr 10, 2023 1:35:47 PM org.apache.catalina.core.StandardEngine startInternal
INFO: Starting Servlet engine: [Apache Tomcat/9.0.56]
Apr 10, 2023 1:35:48 PM org.apache.catalina.core.ApplicationContext log
INFO: Initializing Spring embedded WebApplicationContext
Apr 10, 2023 1:35:54 PM org.apache.catalina.core.ApplicationContext log
INFO: Initializing Spring TestDispatcherServlet ''
Apr 10, 2023 1:35:54 PM org.apache.coyote.AbstractProtocol start
INFO: Starting ProtocolHandler ["http-nio-auto-1"]
]]></system-err>
</testsuite>
